<?xml version="1.0" encoding="UTF-8"?>
<testng-results ignored="0" total="2" passed="2" failed="0" skipped="0">
  <reporter-output>
  </reporter-output>
  <suite started-at="2025-06-10T09:58:48 IST" name="crossbrowsertesting" finished-at="2025-06-10T09:59:18 IST" duration-ms="30482">
    <groups>
    </groups>
    <test started-at="2025-06-10T09:58:48 IST" name="ChromeTest" finished-at="2025-06-10T09:59:04 IST" duration-ms="16520">
      <class name="testScript.ManageNewsTest">
        <test-method is-config="true" signature="initializeBrowser(java.lang.String)[pri:0, instance:testScript.ManageNewsTest@58e1d9d]" started-at="2025-06-10T09:58:48 IST" name="initializeBrowser" finished-at="2025-06-10T09:58:58 IST" duration-ms="9887" status="PASS">
          <params>
            <param index="0">
              <value>
                <![CDATA[chrome]]>
              </value>
            </param>
          </params>
          <reporter-output>
          </reporter-output>
        </test-method> <!-- initializeBrowser -->
        <test-method signature="verifyTheUserIsAbleToAddMangeNews()[pri:0, instance:testScript.ManageNewsTest@58e1d9d]" started-at="2025-06-10T09:58:58 IST" name="verifyTheUserIsAbleToAddMangeNews" description="Verifying the user is able to add manage news" finished-at="2025-06-10T09:59:04 IST" duration-ms="6490" status="PASS">
          <reporter-output>
          </reporter-output>
        </test-method> <!-- verifyTheUserIsAbleToAddMangeNews -->
        <test-method is-config="true" signature="driverQuit(org.testng.ITestResult)[pri:0, instance:testScript.ManageNewsTest@58e1d9d]" started-at="2025-06-10T09:59:04 IST" name="driverQuit" finished-at="2025-06-10T09:59:04 IST" duration-ms="8" status="PASS">
          <params>
            <param index="0">
              <value>
                <![CDATA[[TestResult name=verifyTheUserIsAbleToAddMangeNews status=SUCCESS method=ManageNewsTest.verifyTheUserIsAbleToAddMangeNews()[pri:0, instance:testScript.ManageNewsTest@58e1d9d] output={null}]]]>
              </value>
            </param>
          </params>
          <reporter-output>
          </reporter-output>
        </test-method> <!-- driverQuit -->
      </class> <!-- testScript.ManageNewsTest -->
    </test> <!-- ChromeTest -->
    <test started-at="2025-06-10T09:59:05 IST" name="EdgeTest" finished-at="2025-06-10T09:59:18 IST" duration-ms="12914">
      <class name="testScript.ManageNewsTest">
        <test-method is-config="true" signature="initializeBrowser(java.lang.String)[pri:0, instance:testScript.ManageNewsTest@50029372]" started-at="2025-06-10T09:59:05 IST" name="initializeBrowser" finished-at="2025-06-10T09:59:12 IST" duration-ms="6597" status="PASS">
          <params>
            <param index="0">
              <value>
                <![CDATA[edge]]>
              </value>
            </param>
          </params>
          <reporter-output>
          </reporter-output>
        </test-method> <!-- initializeBrowser -->
        <test-method signature="verifyTheUserIsAbleToAddMangeNews()[pri:0, instance:testScript.ManageNewsTest@50029372]" started-at="2025-06-10T09:59:12 IST" name="verifyTheUserIsAbleToAddMangeNews" description="Verifying the user is able to add manage news" finished-at="2025-06-10T09:59:18 IST" duration-ms="6303" status="PASS">
          <reporter-output>
          </reporter-output>
        </test-method> <!-- verifyTheUserIsAbleToAddMangeNews -->
        <test-method is-config="true" signature="driverQuit(org.testng.ITestResult)[pri:0, instance:testScript.ManageNewsTest@50029372]" started-at="2025-06-10T09:59:18 IST" name="driverQuit" finished-at="2025-06-10T09:59:18 IST" duration-ms="1" status="PASS">
          <params>
            <param index="0">
              <value>
                <![CDATA[[TestResult name=verifyTheUserIsAbleToAddMangeNews status=SUCCESS method=ManageNewsTest.verifyTheUserIsAbleToAddMangeNews()[pri:0, instance:testScript.ManageNewsTest@50029372] output={null}]]]>
              </value>
            </param>
          </params>
          <reporter-output>
          </reporter-output>
        </test-method> <!-- driverQuit -->
      </class> <!-- testScript.ManageNewsTest -->
    </test> <!-- EdgeTest -->
  </suite> <!-- crossbrowsertesting -->
</testng-results>
